#
# There is insufficient memory for the Java Runtime Environment to continue.
# Native memory allocation (malloc) failed to allocate 1048576 bytes for AllocateHeap
# Possible reasons:
#   The system is out of physical RAM or swap space
#   In 32 bit mode, the process size limit was hit
# Possible solutions:
#   Reduce memory load on the system
#   Increase physical memory or swap space
#   Check if swap backing store is full
#   Use 64 bit Java on a 64 bit OS
#   Decrease Java heap size (-Xmx/-Xms)
#   Decrease number of Java threads
#   Decrease Java thread stack sizes (-Xss)
#   Set larger code cache with -XX:ReservedCodeCacheSize=
# This output file may be truncated or incomplete.
#
#  Out of Memory Error (memory/allocation.inline.hpp:61), pid=3848, tid=0x000000000000ae70
#
# JRE version:  (8.0) (build )
# Java VM: OpenJDK 64-Bit Server VM (25.71-b00 mixed mode windows-amd64 compressed oops)
# Failed to write core dump. Minidumps are not enabled by default on client versions of Windows
#

---------------  T H R E A D  ---------------

Current thread (0x0000000002a02800):  JavaThread "Unknown thread" [_thread_in_vm, id=44656, stack(0x0000000002900000,0x0000000002a00000)]

Stack: [0x0000000002900000,0x0000000002a00000]
[error occurred during error reporting (printing stack bounds), id 0xc0000005]

Native frames: (J=compiled Java code, j=interpreted, Vv=VM code, C=native code)


---------------  P R O C E S S  ---------------

Java Threads: ( => current thread )

Other Threads:

=>0x0000000002a02800 (exited) JavaThread "Unknown thread" [_thread_in_vm, id=44656, stack(0x0000000002900000,0x0000000002a00000)]

VM state:not at safepoint (normal execution)

VM Mutex/Monitor currently owned by a thread: None

Heap:
 PSYoungGen      total 38400K, used 665K [0x00000000d5e00000, 0x00000000d8880000, 0x0000000100000000)
  eden space 33280K, 2% used [0x00000000d5e00000,0x00000000d5ea6670,0x00000000d7e80000)
  from space 5120K, 0% used [0x00000000d8380000,0x00000000d8380000,0x00000000d8880000)
  to   space 5120K, 0% used [0x00000000d7e80000,0x00000000d7e80000,0x00000000d8380000)
 ParOldGen       total 87552K, used 0K [0x0000000081a00000, 0x0000000086f80000, 0x00000000d5e00000)
  object space 87552K, 0% used [0x0000000081a00000,0x0000000081a00000,0x0000000086f80000)
 Metaspace       used 777K, capacity 4480K, committed 4480K, reserved 1056768K
  class space    used 74K, capacity 384K, committed 384K, reserved 1048576K

Card table byte_map: [0x0000000011ec0000,0x00000000122c0000] byte_map_base: 0x0000000011ab3000

Marking Bits: (ParMarkBitMap*) 0x0000000051afbe50
 Begin Bits: [0x0000000012d70000, 0x0000000014d08000)
 End Bits:   [0x0000000014d08000, 0x0000000016ca0000)

Polling page: 0x0000000000c60000

CodeCache: size=245760Kb used=328Kb max_used=328Kb free=245431Kb
 bounds [0x0000000002b00000, 0x0000000002d70000, 0x0000000011b00000]
 total_blobs=57 nmethods=0 adapters=38
 compilation: enabled

Compilation events (0 events):
No events

GC Heap History (0 events):
No events

Deoptimization events (0 events):
No events

Classes redefined (0 events):
No events

Internal exceptions (0 events):
No events

Events (10 events):
Event: 0.015 loading class java/lang/Short
Event: 0.016 loading class java/lang/Short done
Event: 0.016 loading class java/lang/Integer
Event: 0.016 loading class java/lang/Integer done
Event: 0.016 loading class java/lang/Long
Event: 0.016 loading class java/lang/Long done
Event: 0.016 loading class java/lang/NullPointerException
Event: 0.016 loading class java/lang/NullPointerException done
Event: 0.016 loading class java/lang/ArithmeticException
Event: 0.016 loading class java/lang/ArithmeticException done


Dynamic libraries:
0x00007ff753c50000 - 0x00007ff753c85000 	C:\Program Files\Unity\Hub\Editor\2020.3.13f1\Editor\Data\PlaybackEngines\AndroidPlayer\OpenJDK\bin\java.exe
0x00007ffb487f0000 - 0x00007ffb489e7000 	C:\Windows\SYSTEM32\ntdll.dll
0x00007ffb11090000 - 0x00007ffb110a6000 	C:\Program Files\Avast Software\Avast\aswhook.dll
0x00007ffb47c20000 - 0x00007ffb47cdd000 	C:\Windows\System32\KERNEL32.DLL
0x00007ffb46170000 - 0x00007ffb4643d000 	C:\Windows\System32\KERNELBASE.dll
0x00007ffb42a30000 - 0x00007ffb42ac0000 	C:\Windows\SYSTEM32\apphelp.dll
0x00007ffb48300000 - 0x00007ffb483ae000 	C:\Windows\System32\ADVAPI32.dll
0x00007ffb47ce0000 - 0x00007ffb47d7e000 	C:\Windows\System32\msvcrt.dll
0x00007ffb47d90000 - 0x00007ffb47e2c000 	C:\Windows\System32\sechost.dll
0x00007ffb46850000 - 0x00007ffb46975000 	C:\Windows\System32\RPCRT4.dll
0x00007ffb485b0000 - 0x00007ffb48750000 	C:\Windows\System32\USER32.dll
0x00007ffb45f60000 - 0x00007ffb45f82000 	C:\Windows\System32\win32u.dll
0x00007ffb46b60000 - 0x00007ffb46b8a000 	C:\Windows\System32\GDI32.dll
0x00007ffb464b0000 - 0x00007ffb465bb000 	C:\Windows\System32\gdi32full.dll
0x00007ffb46720000 - 0x00007ffb467bd000 	C:\Windows\System32\msvcp_win.dll
0x00007ffb45f90000 - 0x00007ffb46090000 	C:\Windows\System32\ucrtbase.dll
0x00007ffb45410000 - 0x00007ffb456aa000 	C:\Windows\WinSxS\amd64_microsoft.windows.common-controls_6595b64144ccf1df_6.0.19041.1110_none_60b5254171f9507e\COMCTL32.dll
0x00007ffb474a0000 - 0x00007ffb474d0000 	C:\Windows\System32\IMM32.DLL
0x0000000051eb0000 - 0x0000000051f82000 	C:\Program Files\Unity\Hub\Editor\2020.3.13f1\Editor\Data\PlaybackEngines\AndroidPlayer\OpenJDK\jre\bin\msvcr100.dll
0x0000000051330000 - 0x0000000051b79000 	C:\Program Files\Unity\Hub\Editor\2020.3.13f1\Editor\Data\PlaybackEngines\AndroidPlayer\OpenJDK\jre\bin\server\jvm.dll
0x00007ffb474d0000 - 0x00007ffb474d8000 	C:\Windows\System32\PSAPI.DLL
0x00007ffb2ad40000 - 0x00007ffb2ad49000 	C:\Windows\SYSTEM32\WSOCK32.dll
0x00007ffb42cd0000 - 0x00007ffb42cda000 	C:\Windows\SYSTEM32\VERSION.dll
0x00007ffb47bb0000 - 0x00007ffb47c1b000 	C:\Windows\System32\WS2_32.dll
0x00007ffb3b3e0000 - 0x00007ffb3b407000 	C:\Windows\SYSTEM32\WINMM.dll
0x00007ffb2e330000 - 0x00007ffb2e33f000 	C:\Program Files\Unity\Hub\Editor\2020.3.13f1\Editor\Data\PlaybackEngines\AndroidPlayer\OpenJDK\jre\bin\verify.dll
0x00007ffb1d5c0000 - 0x00007ffb1d5e9000 	C:\Program Files\Unity\Hub\Editor\2020.3.13f1\Editor\Data\PlaybackEngines\AndroidPlayer\OpenJDK\jre\bin\java.dll
0x00007ffb1c400000 - 0x00007ffb1c416000 	C:\Program Files\Unity\Hub\Editor\2020.3.13f1\Editor\Data\PlaybackEngines\AndroidPlayer\OpenJDK\jre\bin\zip.dll

VM Arguments:
jvm_args: -Dfile.encoding=UTF-8 
java_command: <unknown>
java_class_path (initial): .
Launcher Type: SUN_STANDARD

Environment Variables:
JAVA_TOOL_OPTIONS=-Dfile.encoding=UTF-8
PATH=C:\Program Files (x86)\Razer\ChromaBroadcast\bin;C:\Program Files\Razer\ChromaBroadcast\bin;C:\Program Files (x86)\Common Files\Intel\Shared Libraries\redist\intel64\compiler;C:\Windows\system32;C:\Windows;C:\Windows\System32\Wbem;C:\Windows\System32\WindowsPowerShell\v1.0\;C:\Windows\System32\OpenSSH\;C:\Program Files\dotnet\;C:\Program Files\NVIDIA Corporation\NVIDIA NvDLISR;C:\Program Files (x86)\NVIDIA Corporation\PhysX\Common;C:\Program Files (x86)\Pulse Secure\VC142.CRT\X64\;C:\Program Files (x86)\Pulse Secure\VC142.CRT\X86\;C:\Program Files\Perforce\;C:\Program Files\CMake\bin;C:\Windows\system32\config\systemprofile\AppData\Local\Microsoft\WindowsApps;C:\Users\nrrob\AppData\Local\Microsoft\WindowsApps;C:\Users\nrrob\.dotnet\tools;C:\Users\nrrob\AppData\Local\GitHubDesktop\bin
USERNAME=nrrob
OS=Windows_NT
PROCESSOR_IDENTIFIER=Intel64 Family 6 Model 158 Stepping 10, GenuineIntel



---------------  S Y S T E M  ---------------

OS: Windows 10.0 , 64 bit Build 19041 (10.0.19041.1741)

CPU:total 8 (initial active 8) (4 cores per cpu, 2 threads per core) family 6 model 158 stepping 10, cmov, cx8, fxsr, mmx, sse, sse2, sse3, ssse3, sse4.1, sse4.2, popcnt, avx, avx2, aes, clmul, erms, 3dnowpref, lzcnt, ht, tsc, tscinvbit, bmi1, bmi2, adx

Memory: 4k page, physical 8275188k(389636k free), swap 33441012k(5780k free)

vm_info: OpenJDK 64-Bit Server VM (25.71-b00) for windows-amd64 JRE (1.8.0-adoptopenjdk-_2018_05_19_00_59-b00), built on May 19 2018 01:02:12 by "jenkins" with MS VC++ 10.0 (VS2010)

time: Mon Jul 04 14:02:29 2022
elapsed time: 0 seconds (0d 0h 0m 0s)

